<?xml version="1.0" encoding="utf-8"?><testsuites><testsuite errors="2" failures="0" hostname="test-fengzhongjie" name="pytest" skipped="0" tests="2" time="0.462" timestamp="2020-01-10T15:20:17.584719"><testcase classname="" file="testcase/test_demo.py" name="testcase.test_demo" time="0.000"><error message="collection failure">ImportError while importing test module &apos;E:\git\AI_test\testcase\test_demo.py&apos;.
Hint: make sure your test modules/packages have valid Python names.
Traceback:
testcase\test_demo.py:8: in &lt;module&gt;
    from page.login import Loginpage
page\login.py:7: in &lt;module&gt;
    from page.main import Mainpage
page\main.py:9: in &lt;module&gt;
    from page.exercise import Exercisepage
E   ModuleNotFoundError: No module named &apos;page.exercise&apos;</error></testcase><testcase classname="pytest" name="internal" time="0.000"><error message="internal error">Traceback (most recent call last):
  File &quot;C:\Users\Administrator\PycharmProjects\ai_parent\venv\lib\site-packages\_pytest\main.py&quot;, line 196, in wrap_session
    session.exitstatus = doit(config, session) or 0
  File &quot;C:\Users\Administrator\PycharmProjects\ai_parent\venv\lib\site-packages\_pytest\main.py&quot;, line 245, in _main
    config.hook.pytest_collection(session=session)
  File &quot;C:\Users\Administrator\PycharmProjects\ai_parent\venv\lib\site-packages\pluggy\hooks.py&quot;, line 286, in __call__
    return self._hookexec(self, self.get_hookimpls(), kwargs)
  File &quot;C:\Users\Administrator\PycharmProjects\ai_parent\venv\lib\site-packages\pluggy\manager.py&quot;, line 93, in _hookexec
    return self._inner_hookexec(hook, methods, kwargs)
  File &quot;C:\Users\Administrator\PycharmProjects\ai_parent\venv\lib\site-packages\pluggy\manager.py&quot;, line 87, in &lt;lambda&gt;
    firstresult=hook.spec.opts.get(&quot;firstresult&quot;) if hook.spec else False,
  File &quot;C:\Users\Administrator\PycharmProjects\ai_parent\venv\lib\site-packages\pluggy\callers.py&quot;, line 208, in _multicall
    return outcome.get_result()
  File &quot;C:\Users\Administrator\PycharmProjects\ai_parent\venv\lib\site-packages\pluggy\callers.py&quot;, line 80, in get_result
    raise ex[1].with_traceback(ex[2])
  File &quot;C:\Users\Administrator\PycharmProjects\ai_parent\venv\lib\site-packages\pluggy\callers.py&quot;, line 187, in _multicall
    res = hook_impl.function(*args)
  File &quot;C:\Users\Administrator\PycharmProjects\ai_parent\venv\lib\site-packages\_pytest\main.py&quot;, line 255, in pytest_collection
    return session.perform_collect()
  File &quot;C:\Users\Administrator\PycharmProjects\ai_parent\venv\lib\site-packages\_pytest\main.py&quot;, line 454, in perform_collect
    items = self._perform_collect(args, genitems)
  File &quot;C:\Users\Administrator\PycharmProjects\ai_parent\venv\lib\site-packages\_pytest\main.py&quot;, line 492, in _perform_collect
    self.items.extend(self.genitems(node))
  File &quot;C:\Users\Administrator\PycharmProjects\ai_parent\venv\lib\site-packages\_pytest\main.py&quot;, line 720, in genitems
    yield from self.genitems(subnode)
  File &quot;C:\Users\Administrator\PycharmProjects\ai_parent\venv\lib\site-packages\_pytest\main.py&quot;, line 721, in genitems
    node.ihook.pytest_collectreport(report=rep)
  File &quot;C:\Users\Administrator\PycharmProjects\ai_parent\venv\lib\site-packages\pluggy\hooks.py&quot;, line 286, in __call__
    return self._hookexec(self, self.get_hookimpls(), kwargs)
  File &quot;C:\Users\Administrator\PycharmProjects\ai_parent\venv\lib\site-packages\pluggy\manager.py&quot;, line 93, in _hookexec
    return self._inner_hookexec(hook, methods, kwargs)
  File &quot;C:\Users\Administrator\PycharmProjects\ai_parent\venv\lib\site-packages\pluggy\manager.py&quot;, line 87, in &lt;lambda&gt;
    firstresult=hook.spec.opts.get(&quot;firstresult&quot;) if hook.spec else False,
  File &quot;C:\Users\Administrator\PycharmProjects\ai_parent\venv\lib\site-packages\pluggy\callers.py&quot;, line 208, in _multicall
    return outcome.get_result()
  File &quot;C:\Users\Administrator\PycharmProjects\ai_parent\venv\lib\site-packages\pluggy\callers.py&quot;, line 80, in get_result
    raise ex[1].with_traceback(ex[2])
  File &quot;C:\Users\Administrator\PycharmProjects\ai_parent\venv\lib\site-packages\pluggy\callers.py&quot;, line 187, in _multicall
    res = hook_impl.function(*args)
  File &quot;C:\Users\Administrator\PycharmProjects\ai_parent\venv\lib\site-packages\pytest_html\plugin.py&quot;, line 542, in pytest_collectreport
    self.append_failed(report)
  File &quot;C:\Users\Administrator\PycharmProjects\ai_parent\venv\lib\site-packages\pytest_html\plugin.py&quot;, line 312, in append_failed
    self._appendrow(&quot;Error&quot;, report)
  File &quot;C:\Users\Administrator\PycharmProjects\ai_parent\venv\lib\site-packages\pytest_html\plugin.py&quot;, line 280, in _appendrow
    result = self.TestResult(outcome, report, self.logfile, self.config)
  File &quot;C:\Users\Administrator\PycharmProjects\ai_parent\venv\lib\site-packages\pytest_html\plugin.py&quot;, line 133, in __init__
    self.config.hook.pytest_html_results_table_row(report=report, cells=cells)
  File &quot;C:\Users\Administrator\PycharmProjects\ai_parent\venv\lib\site-packages\pluggy\hooks.py&quot;, line 286, in __call__
    return self._hookexec(self, self.get_hookimpls(), kwargs)
  File &quot;C:\Users\Administrator\PycharmProjects\ai_parent\venv\lib\site-packages\pluggy\manager.py&quot;, line 93, in _hookexec
    return self._inner_hookexec(hook, methods, kwargs)
  File &quot;C:\Users\Administrator\PycharmProjects\ai_parent\venv\lib\site-packages\pluggy\manager.py&quot;, line 87, in &lt;lambda&gt;
    firstresult=hook.spec.opts.get(&quot;firstresult&quot;) if hook.spec else False,
  File &quot;C:\Users\Administrator\PycharmProjects\ai_parent\venv\lib\site-packages\pluggy\callers.py&quot;, line 208, in _multicall
    return outcome.get_result()
  File &quot;C:\Users\Administrator\PycharmProjects\ai_parent\venv\lib\site-packages\pluggy\callers.py&quot;, line 80, in get_result
    raise ex[1].with_traceback(ex[2])
  File &quot;C:\Users\Administrator\PycharmProjects\ai_parent\venv\lib\site-packages\pluggy\callers.py&quot;, line 187, in _multicall
    res = hook_impl.function(*args)
  File &quot;E:\git\AI_test\conftest.py&quot;, line 51, in pytest_html_results_table_row
    cells.insert(2, html.td(report.description))
AttributeError: &apos;CollectReport&apos; object has no attribute &apos;description&apos;</error></testcase></testsuite></testsuites>